2025-08-11 14:52:31,009 - ЗАПРОС: /start от 124810132 (@afigeniy) Dan 
2025-08-11 15:17:27,833 - ЗАПРОС: Кнопка 'Подать заявку' от 124810132 (@afigeniy)
2025-08-11 15:17:27,833 - ОТВЕТ: Отправлена форма заявки пользователю 124810132
2025-08-11 15:17:30,715 - ЗАПРОС: Текст от 124810132 (@afigeniy): abj
2025-08-11 15:17:30,792 - ОТВЕТ: Подтверждение получения данных для 124810132
2025-08-11 15:17:32,995 - ЗАПРОС: Текст от 124810132 (@afigeniy): 7987987
2025-08-11 15:17:33,123 - ОТВЕТ: Подтверждение получения данных для 124810132
2025-08-11 15:17:40,488 - ОТВЕТ: Заявка успешно отправлена от 124810132
2025-08-11 15:26:02,310 - ЗАПРОС: /start от 124810132 (@afigeniy) Dan 
2025-08-11 15:26:04,140 - ЗАПРОС: Кнопка 'Не подходит' от 124810132 (@afigeniy)
2025-08-11 15:26:04,140 - ОТВЕТ: Отправлено сообщение об отказе пользователю 124810132
2025-08-11 15:44:16,766 - ЗАПРОС: /start от 201825475 (@Retyz) Anna Belova
2025-08-11 16:24:38,483 - ЗАПРОС: /start от 1431770787 (@None) A U
2025-08-11 16:25:11,604 - ЗАПРОС: /start от 1431770787 (@None) A U
2025-08-11 16:48:25,845 - ЗАПРОС: Кнопка 'Не подходит' от 124810132 (@afigeniy)
2025-08-11 16:48:25,846 - ОТВЕТ: Отправлено сообщение об отказе пользователю 124810132
2025-08-11 16:52:42,288 - ЗАПРОС: /start от 124810132 (@afigeniy) Dan 
2025-08-11 16:54:49,444 - ЗАПРОС: /start от 124810132 (@afigeniy) Dan 
2025-08-11 16:55:00,307 - ЗАПРОС: /start от 124810132 (@afigeniy) Dan 
2025-08-11 16:55:39,856 - ЗАПРОС: /start от 124810132 (@afigeniy) Dan 
2025-08-11 16:56:34,360 - ЗАПРОС: /start от 124810132 (@afigeniy) Dan 
2025-08-11 17:42:30,822 - ЗАПРОС: Текст от 124810132 (@afigeniy): /get_chat_id
2025-08-11 17:42:30,822 - ОТВЕТ: Нет активной заявки для 124810132
2025-08-11 17:42:43,427 - ЗАПРОС: /start от 124810132 (@afigeniy) Dan 
2025-08-11 17:43:18,656 - ЗАПРОС: Текст от 124810132 (@afigeniy): /get_chat_id
2025-08-11 17:43:18,656 - ОТВЕТ: Нет активной заявки для 124810132
2025-08-11 17:44:58,577 - ЗАПРОС: Текст от 124810132 (@afigeniy): /get_chat_id
2025-08-11 17:44:58,577 - ОТВЕТ: Нет активной заявки для 124810132
2025-08-11 17:54:15,947 - ЗАПРОС: /start от 124810132 (@afigeniy) Dan 
2025-08-11 17:54:19,662 - ЗАПРОС: Кнопка 'Подать заявку' от 124810132 (@afigeniy)
2025-08-11 17:54:19,662 - ОТВЕТ: Отправлена форма заявки пользователю 124810132
2025-08-11 17:54:26,070 - ЗАПРОС: Текст от 124810132 (@afigeniy): фыв 12
2025-08-11 17:54:26,177 - ОТВЕТ: Подтверждение получения данных для 124810132
2025-08-11 17:54:27,427 - ОТВЕТ: Заявка успешно отправлена от 124810132
